<!DOCTYPE html>
<html>
<head>
<meta http-equiv="Content-Type" content="text/html; charset=utf-8"/>
<meta http-equiv="x-ua-compatible" content="IE=edge"/>
<title>Test results - Class ejercicio2.CucumberTest</title>
<link href="../css/base-style.css" rel="stylesheet" type="text/css"/>
<link href="../css/style.css" rel="stylesheet" type="text/css"/>
<script src="../js/report.js" type="text/javascript"></script>
</head>
<body>
<div id="content">
<h1>Class ejercicio2.CucumberTest</h1>
<div class="breadcrumbs">
<a href="../index.html">all</a> &gt; 
<a href="../packages/ejercicio2.html">ejercicio2</a> &gt; CucumberTest</div>
<div id="summary">
<table>
<tr>
<td>
<div class="summaryGroup">
<table>
<tr>
<td>
<div class="infoBox" id="tests">
<div class="counter">0</div>
<p>tests</p>
</div>
</td>
<td>
<div class="infoBox" id="failures">
<div class="counter">0</div>
<p>failures</p>
</div>
</td>
<td>
<div class="infoBox" id="ignored">
<div class="counter">0</div>
<p>ignored</p>
</div>
</td>
<td>
<div class="infoBox" id="duration">
<div class="counter">-</div>
<p>duration</p>
</div>
</td>
</tr>
</table>
</div>
</td>
<td>
<div class="infoBox success" id="successRate">
<div class="percent">-</div>
<p>successful</p>
</div>
</td>
</tr>
</table>
</div>
<div id="tabs">
<ul class="tabLinks">
<li>
<a href="#tab0">Tests</a>
</li>
<li>
<a href="#tab1">Standard output</a>
</li>
</ul>
<div id="tab0" class="tab">
<h2>Tests</h2>
<table>
<thead>
<tr>
<th>Test</th>
<th>Duration</th>
<th>Result</th>
</tr>
</thead>
</table>
</div>
<div id="tab1" class="tab">
<h2>Standard output</h2>
<span class="code">
<pre>21:48:32.643 [Test worker] DEBUG net.thucydides.core.util.PropertiesFileLocalPreferences - webdriver.autodownload=true
21:48:32.646 [Test worker] DEBUG net.thucydides.core.util.PropertiesFileLocalPreferences - headless.mode=false
21:48:32.646 [Test worker] DEBUG net.thucydides.core.util.PropertiesFileLocalPreferences - webdriver.driver=chrome
21:48:32.646 [Test worker] DEBUG net.thucydides.core.util.PropertiesFileLocalPreferences - chrome.switches=--start-maximized;--test-type;--no-sandbox;--ignore-certificate-errors;\n                   --disable-popup-blocking;--disable-default-apps;--disable-extensions-file-access-check;\n                   --incognito;--disable-infobars,--disable-gpu
21:48:32.647 [Test worker] DEBUG net.thucydides.core.util.PropertiesFileLocalPreferences - serenity.take.screenshots=FOR_FAILURES
21:48:33.010 [Test worker] INFO io.cucumber.core.plugin.SerenityReporter - Running feature from file:///Users/ricardtorrents/Documents/Master/testing/mdas-practica3-fproves/practica3-fproves-2/src/test/resources/features/ejercicio2/search.feature
21:48:33.246 [Test worker] DEBUG net.thucydides.core.util.PropertiesFileLocalPreferences - webdriver.autodownload=true
21:48:33.247 [Test worker] DEBUG net.thucydides.core.util.PropertiesFileLocalPreferences - headless.mode=false
21:48:33.247 [Test worker] DEBUG net.thucydides.core.util.PropertiesFileLocalPreferences - webdriver.driver=chrome
21:48:33.247 [Test worker] DEBUG net.thucydides.core.util.PropertiesFileLocalPreferences - chrome.switches=--start-maximized;--test-type;--no-sandbox;--ignore-certificate-errors;\n                   --disable-popup-blocking;--disable-default-apps;--disable-extensions-file-access-check;\n                   --incognito;--disable-infobars,--disable-gpu
21:48:33.247 [Test worker] DEBUG net.thucydides.core.util.PropertiesFileLocalPreferences - serenity.take.screenshots=FOR_FAILURES
21:48:33.255 [Test worker] INFO  - 

-------------------------------------------------------------------------------------
     _______. _______ .______       _______ .__   __.  __  .___________.____    ____ 
    /       ||   ____||   _  \     |   ____||  \ |  | |  | |           |\   \  /   / 
   |   (----`|  |__   |  |_)  |    |  |__   |   \|  | |  | `---|  |----` \   \/   /  
    \   \    |   __|  |      /     |   __|  |  . `  | |  |     |  |       \_    _/   
.----)   |   |  |____ |  |\  \----.|  |____ |  |\   | |  |     |  |         |  |     
|_______/    |_______|| _| `._____||_______||__| \__| |__|     |__|         |__|    
                                                                                     
 News and tutorials at http://www.serenity-bdd.info                                  
 Documentation at https://wakaleo.gitbooks.io/the-serenity-book/content/             
 Join the Serenity Community on Gitter: https://gitter.im/serenity-bdd/serenity-core 
 Serenity BDD Support and Training at http://serenity-bdd.info/#/trainingandsupport  
-------------------------------------------------------------------------------------

21:48:33.258 [Test worker] DEBUG net.thucydides.core.steps.StepEventBus - Test suite started for story net.thucydides.core.model.Story@7b00d742
21:48:33.264 [Test worker] INFO  - Test Suite Started: Main search

1 Scenarios (?[32m1 passed?[0m)
3 Steps (?[32m3 passed?[0m)
0m23,747s


21:48:56.759 [Test worker] DEBUG net.thucydides.core.reports.ReportService - Reporting formats: [JSON, HTML]
21:48:57.497 [Test worker] DEBUG net.thucydides.core.reports.ReportService - Reporting formats: [JSON, HTML]
21:48:57.517 [Test worker] DEBUG net.thucydides.core.reports.ReportService - Generating reports for 1 test outcomes using: net.thucydides.core.reports.json.JSONTestOutcomeReporter@367af6b7
21:48:57.520 [pool-1-thread-1] DEBUG net.thucydides.core.reports.ReportService - Processing test outcome Main search:Initial search
21:48:57.521 [pool-1-thread-1] DEBUG net.thucydides.core.reports.ReportService - net.thucydides.core.reports.json.JSONTestOutcomeReporter@367af6b7: Generating report for test outcome: Main search:Initial search
21:48:57.528 [pool-1-thread-1] DEBUG net.thucydides.core.reports.json.JSONTestOutcomeReporter - Generating JSON report for Initial search to file /Users/ricardtorrents/Documents/Master/testing/mdas-practica3-fproves/practica3-fproves-2/target/site/serenity/c715fc0e20fc4f1efa659899239d656bf87038d651a21520b24ee7bea278967f.json (using temp file /Users/ricardtorrents/Documents/Master/testing/mdas-practica3-fproves/practica3-fproves-2/target/site/serenity/c715fc0e20fc4f1efa659899239d656bf87038d651a21520b24ee7bea278967f.jsonc15562c8-7dac-4360-960a-09f3fad2ee62)
21:48:57.561 [pool-1-thread-1] DEBUG net.thucydides.core.reports.ReportService - Processing test outcome Main search:Initial search done
21:48:57.561 [Test worker] DEBUG net.thucydides.core.reports.ReportService - Shutting down executor service
21:48:57.561 [Test worker] DEBUG net.thucydides.core.reports.ReportService - Reports generated in: 44 ms
21:48:57.561 [Test worker] DEBUG net.thucydides.core.reports.ReportService - Generating reports for 1 test outcomes using: net.thucydides.core.reports.html.HtmlAcceptanceTestReporter@b3e12fb
21:48:57.562 [pool-2-thread-1] DEBUG net.thucydides.core.reports.ReportService - Processing test outcome Main search:Initial search
21:48:57.563 [pool-2-thread-1] DEBUG net.thucydides.core.reports.ReportService - net.thucydides.core.reports.html.HtmlAcceptanceTestReporter@b3e12fb: Generating report for test outcome: Main search:Initial search
21:48:57.563 [pool-2-thread-1] DEBUG net.thucydides.core.reports.html.HtmlAcceptanceTestReporter - GENERATE TEST OUTCOME REPORT FOR Initial search in c715fc0e20fc4f1efa659899239d656bf87038d651a21520b24ee7bea278967f
21:48:57.605 [pool-2-thread-1] DEBUG net.thucydides.core.requirements.model.cucumber.CucumberParser - Added feature Main search
21:48:57.606 [pool-2-thread-1] DEBUG net.thucydides.core.requirements.RequirementsTagProvider -  found:[Requirement{name='Ejercicio2', type='capability' parent = 'null', cardNumber='null'}]
21:48:57.614 [pool-2-thread-1] DEBUG net.thucydides.core.requirements.BaseRequirementsService - Requirement found for test outcome Initial search-[]: Optional[Requirement{name='Main search', type='feature' parent = 'Ejercicio2', cardNumber='null'}]
21:48:57.616 [pool-2-thread-1] DEBUG net.thucydides.core.requirements.BaseRequirementsService - Requirement found for test outcome Initial search-[]: Optional[Requirement{name='Main search', type='feature' parent = 'Ejercicio2', cardNumber='null'}]
21:48:57.822 [pool-2-thread-1] DEBUG net.thucydides.core.reports.html.HtmlAcceptanceTestReporter - GENERATING HTML REPORT FOR Main search:Initial search in c715fc0e20fc4f1efa659899239d656bf87038d651a21520b24ee7bea278967f.html in directory /Users/ricardtorrents/Documents/Master/testing/mdas-practica3-fproves/practica3-fproves-2/target/site/serenity  
21:48:58.220 [pool-2-thread-1] DEBUG net.thucydides.core.reports.html.HtmlAcceptanceTestReporter - Generating report in c715fc0e20fc4f1efa659899239d656bf87038d651a21520b24ee7bea278967f.html
21:48:59.103 [pool-2-thread-1] DEBUG net.thucydides.core.reports.html.HtmlAcceptanceTestReporter - Generated report c715fc0e20fc4f1efa659899239d656bf87038d651a21520b24ee7bea278967f.html in 883 ms
21:48:59.104 [pool-2-thread-1] DEBUG net.thucydides.core.reports.ReportService - Processing test outcome Main search:Initial search done
21:48:59.104 [Test worker] DEBUG net.thucydides.core.reports.ReportService - Shutting down executor service
21:48:59.104 [Test worker] DEBUG net.thucydides.core.reports.ReportService - Reports generated in: 1543 ms
</pre>
</span>
</div>
</div>
<div id="footer">
<p>
<div>
<label class="hidden" id="label-for-line-wrapping-toggle" for="line-wrapping-toggle">Wrap lines
<input id="line-wrapping-toggle" type="checkbox" autocomplete="off"/>
</label>
</div>Generated by 
<a href="http://www.gradle.org">Gradle 6.7</a> at 25/05/2021 21:48:59</p>
</div>
</div>
</body>
</html>
